0 info it worked if it ends with ok
1 verbose cli [ '/usr/bin/nodejs', '/usr/bin/npm', 'run', 'pb' ]
2 info using npm@3.9.3
3 info using node@v4.4.4
4 verbose run-script [ 'prepb', 'pb', 'postpb' ]
5 info lifecycle dbox@0.0.1~prepb: dbox@0.0.1
6 silly lifecycle dbox@0.0.1~prepb: no script for prepb, continuing
7 info lifecycle dbox@0.0.1~pb: dbox@0.0.1
8 verbose lifecycle dbox@0.0.1~pb: unsafe-perm in lifecycle true
9 verbose lifecycle dbox@0.0.1~pb: PATH: /usr/lib/node_modules/npm/bin/node-gyp-bin:/home/marco/Documentos/mapa-pobreza-dbox/dbox/node_modules/.bin:/usr/bin:/usr/local/sbin:/usr/local/bin:/usr/sbin:/usr/bin:/sbin:/bin:/usr/games:/usr/local/games
10 verbose lifecycle dbox@0.0.1~pb: CWD: /home/marco/Documentos/mapa-pobreza-dbox/dbox
11 silly lifecycle dbox@0.0.1~pb: Args: [ '-c',
11 silly lifecycle   'rollup --config rollup.config.pb.js && uglifyjs ../frente-pobreza-mapa/src/dbox/build/dbox.js -c -m -o ../frente-pobreza-mapa/src/dbox/build/dbox.min.js' ]
12 info lifecycle dbox@0.0.1~pb: Failed to exec pb script
13 verbose stack Error: dbox@0.0.1 pb: `rollup --config rollup.config.pb.js && uglifyjs ../frente-pobreza-mapa/src/dbox/build/dbox.js -c -m -o ../frente-pobreza-mapa/src/dbox/build/dbox.min.js`
13 verbose stack spawn ENOENT
13 verbose stack     at ChildProcess.<anonymous> (/usr/lib/node_modules/npm/lib/utils/spawn.js:17:16)
13 verbose stack     at emitTwo (events.js:87:13)
13 verbose stack     at ChildProcess.emit (events.js:172:7)
13 verbose stack     at maybeClose (internal/child_process.js:827:16)
13 verbose stack     at Process.ChildProcess._handle.onexit (internal/child_process.js:211:5)
14 verbose pkgid dbox@0.0.1
15 verbose cwd /home/marco/Documentos/mapa-pobreza-dbox/dbox
16 error Linux 4.2.0-35-generic
17 error argv "/usr/bin/nodejs" "/usr/bin/npm" "run" "pb"
18 error node v4.4.4
19 error npm  v3.9.3
20 error file sh
21 error code ELIFECYCLE
22 error errno ENOENT
23 error syscall spawn
24 error dbox@0.0.1 pb: `rollup --config rollup.config.pb.js && uglifyjs ../frente-pobreza-mapa/src/dbox/build/dbox.js -c -m -o ../frente-pobreza-mapa/src/dbox/build/dbox.min.js`
24 error spawn ENOENT
25 error Failed at the dbox@0.0.1 pb script 'rollup --config rollup.config.pb.js && uglifyjs ../frente-pobreza-mapa/src/dbox/build/dbox.js -c -m -o ../frente-pobreza-mapa/src/dbox/build/dbox.min.js'.
25 error Make sure you have the latest version of node.js and npm installed.
25 error If you do, this is most likely a problem with the dbox package,
25 error not with npm itself.
25 error Tell the author that this fails on your system:
25 error     rollup --config rollup.config.pb.js && uglifyjs ../frente-pobreza-mapa/src/dbox/build/dbox.js -c -m -o ../frente-pobreza-mapa/src/dbox/build/dbox.min.js
25 error You can get information on how to open an issue for this project with:
25 error     npm bugs dbox
25 error Or if that isn't available, you can get their info via:
25 error     npm owner ls dbox
25 error There is likely additional logging output above.
26 verbose exit [ 1, true ]
